Started GET "/" for ::1 at 2022-10-31 09:40:25 +0500
  
ActiveRecord::ConnectionNotEstablished (connection to server on socket "/tmp/.s.PGSQL.5432" failed: No such file or directory
	Is the server running locally and accepting connections on that socket?
):
  
activerecord (6.1.7) lib/active_record/connection_adapters/postgresql_adapter.rb:83:in `rescue in new_client'
activerecord (6.1.7) lib/active_record/connection_adapters/postgresql_adapter.rb:77:in `new_client'
activerecord (6.1.7) lib/active_record/connection_adapters/postgresql_adapter.rb:37:in `postgresql_connection'
activerecord (6.1.7) lib/active_record/connection_adapters/abstract/connection_pool.rb:882:in `public_send'
activerecord (6.1.7) lib/active_record/connection_adapters/abstract/connection_pool.rb:882:in `new_connection'
activerecord (6.1.7) lib/active_record/connection_adapters/abstract/connection_pool.rb:926:in `checkout_new_connection'
activerecord (6.1.7) lib/active_record/connection_adapters/abstract/connection_pool.rb:905:in `try_to_checkout_new_connection'
activerecord (6.1.7) lib/active_record/connection_adapters/abstract/connection_pool.rb:866:in `acquire_connection'
activerecord (6.1.7) lib/active_record/connection_adapters/abstract/connection_pool.rb:588:in `checkout'
activerecord (6.1.7) lib/active_record/connection_adapters/abstract/connection_pool.rb:428:in `connection'
activerecord (6.1.7) lib/active_record/connection_adapters/abstract/connection_pool.rb:1128:in `retrieve_connection'
activerecord (6.1.7) lib/active_record/connection_handling.rb:327:in `retrieve_connection'
activerecord (6.1.7) lib/active_record/connection_handling.rb:283:in `connection'
activerecord (6.1.7) lib/active_record/migration.rb:611:in `connection'
activerecord (6.1.7) lib/active_record/migration.rb:606:in `build_watcher'
activerecord (6.1.7) lib/active_record/migration.rb:588:in `block in call'
activerecord (6.1.7) lib/active_record/migration.rb:587:in `synchronize'
activerecord (6.1.7) lib/active_record/migration.rb:587:in `call'
actionpack (6.1.7) lib/action_dispatch/middleware/callbacks.rb:27:in `block in call'
activesupport (6.1.7) lib/active_support/callbacks.rb:98:in `run_callbacks'
actionpack (6.1.7) lib/action_dispatch/middleware/callbacks.rb:26:in `call'
actionpack (6.1.7) lib/action_dispatch/middleware/executor.rb:14:in `call'
actionpack (6.1.7) lib/action_dispatch/middleware/actionable_exceptions.rb:18:in `call'
actionpack (6.1.7) lib/action_dispatch/middleware/debug_exceptions.rb:29:in `call'
web-console (4.2.0) lib/web_console/middleware.rb:132:in `call_app'
web-console (4.2.0) lib/web_console/middleware.rb:28:in `block in call'
web-console (4.2.0) lib/web_console/middleware.rb:17:in `catch'
web-console (4.2.0) lib/web_console/middleware.rb:17:in `call'
actionpack (6.1.7) lib/action_dispatch/middleware/show_exceptions.rb:33:in `call'
railties (6.1.7) lib/rails/rack/logger.rb:37:in `call_app'
railties (6.1.7) lib/rails/rack/logger.rb:26:in `block in call'
activesupport (6.1.7) lib/active_support/tagged_logging.rb:99:in `block in tagged'
activesupport (6.1.7) lib/active_support/tagged_logging.rb:37:in `tagged'
activesupport (6.1.7) lib/active_support/tagged_logging.rb:99:in `tagged'
railties (6.1.7) lib/rails/rack/logger.rb:26:in `call'
sprockets-rails (3.4.2) lib/sprockets/rails/quiet_assets.rb:13:in `call'
actionpack (6.1.7) lib/action_dispatch/middleware/remote_ip.rb:81:in `call'
actionpack (6.1.7) lib/action_dispatch/middleware/request_id.rb:26:in `call'
rack (2.2.4) lib/rack/method_override.rb:24:in `call'
rack (2.2.4) lib/rack/runtime.rb:22:in `call'
activesupport (6.1.7) lib/active_support/cache/strategy/local_cache_middleware.rb:29:in `call'
actionpack (6.1.7) lib/action_dispatch/middleware/executor.rb:14:in `call'
actionpack (6.1.7) lib/action_dispatch/middleware/static.rb:24:in `call'
rack (2.2.4) lib/rack/sendfile.rb:110:in `call'
actionpack (6.1.7) lib/action_dispatch/middleware/host_authorization.rb:148:in `call'
webpacker (4.3.0) lib/webpacker/dev_server_proxy.rb:23:in `perform_request'
rack-proxy (0.7.4) lib/rack/proxy.rb:78:in `call'
railties (6.1.7) lib/rails/engine.rb:539:in `call'
puma (3.12.6) lib/puma/configuration.rb:227:in `call'
puma (3.12.6) lib/puma/server.rb:706:in `handle_request'
puma (3.12.6) lib/puma/server.rb:476:in `process_client'
puma (3.12.6) lib/puma/server.rb:334:in `block in run'
puma (3.12.6) lib/puma/thread_pool.rb:135:in `block in spawn_thread'
Started GET "/" for ::1 at 2022-10-31 09:43:15 +0500
  [1m[35m (1.9ms)[0m  [1m[34mSELECT sqlite_version(*)[0m
Processing by ExamplesController#index as HTML
  Rendering layout layouts/application.html.erb
  Rendering examples/index.html.erb within layouts/application
  Rendered examples/index.html.erb within layouts/application (Duration: 1.5ms | Allocations: 1469)
Started GET "/" for ::1 at 2022-10-31 09:43:16 +0500
Processing by ExamplesController#index as HTML
  Rendering layout layouts/application.html.erb
  Rendering examples/index.html.erb within layouts/application
  Rendered examples/index.html.erb within layouts/application (Duration: 0.1ms | Allocations: 7)
[Webpacker] Compiling...
[Webpacker] Compiling...
Started GET "/" for ::1 at 2022-10-31 09:43:31 +0500
Processing by ExamplesController#index as HTML
  Rendering layout layouts/application.html.erb
  Rendering examples/index.html.erb within layouts/application
  Rendered examples/index.html.erb within layouts/application (Duration: 0.1ms | Allocations: 4)
[Webpacker] Compiling...
[Webpacker] Compiled all packs in /Users/usmanahmed/Desktop/test/rails-startbootstrap-sb-admin-2/public/packs
[Webpacker] warning package.json: No license field
Browserslist: caniuse-lite is outdated. Please run:
npx browserslist@latest --update-db

Why you should do it regularly:
https://github.com/browserslist/browserslist#browsers-data-updating

[Webpacker] Hash: ef902d39f1b588d650af
Version: webpack 4.46.0
Time: 13333ms
Built at: 10/31/2022 9:43:42 AM
                                                     Asset      Size                       Chunks                         Chunk Names
                    js/application-4c992043138782584467.js  4.14 MiB                  application  [emitted] [immutable]  application
                js/application-4c992043138782584467.js.map  4.59 MiB                  application  [emitted] [dev]        application
    js/shared/demo/chart-area-demo-e791066020f6d1ef3b28.js   318 KiB  shared/demo/chart-area-demo  [emitted] [immutable]  shared/demo/chart-area-demo
js/shared/demo/chart-area-demo-e791066020f6d1ef3b28.js.map   375 KiB  shared/demo/chart-area-demo  [emitted] [dev]        shared/demo/chart-area-demo
     js/shared/demo/chart-bar-demo-db940de6bb5878954500.js   317 KiB   shared/demo/chart-bar-demo  [emitted] [immutable]  shared/demo/chart-bar-demo
 js/shared/demo/chart-bar-demo-db940de6bb5878954500.js.map   375 KiB   shared/demo/chart-bar-demo  [emitted] [dev]        shared/demo/chart-bar-demo
     js/shared/demo/chart-pie-demo-27263653e62cf2791c0b.js   315 KiB   shared/demo/chart-pie-demo  [emitted] [immutable]  shared/demo/chart-pie-demo
 js/shared/demo/chart-pie-demo-27263653e62cf2791c0b.js.map   372 KiB   shared/demo/chart-pie-demo  [emitted] [dev]        shared/demo/chart-pie-demo
    js/shared/demo/datatables-demo-c3d7a586af775407fdb1.js   314 KiB  shared/demo/datatables-demo  [emitted] [immutable]  shared/demo/datatables-demo
js/shared/demo/datatables-demo-c3d7a586af775407fdb1.js.map   371 KiB  shared/demo/datatables-demo  [emitted] [dev]        shared/demo/datatables-demo
              js/shared/sb-admin-2-8941dd7d30c470c93836.js   315 KiB            shared/sb-admin-2  [emitted] [immutable]  shared/sb-admin-2
          js/shared/sb-admin-2-8941dd7d30c470c93836.js.map   373 KiB            shared/sb-admin-2  [emitted] [dev]        shared/sb-admin-2
                                             manifest.json  2.48 KiB                               [emitted]              
Entrypoint application = js/application-4c992043138782584467.js js/application-4c992043138782584467.js.map
Entrypoint shared/demo/chart-area-demo = js/shared/demo/chart-area-demo-e791066020f6d1ef3b28.js js/shared/demo/chart-area-demo-e791066020f6d1ef3b28.js.map
Entrypoint shared/demo/chart-bar-demo = js/shared/demo/chart-bar-demo-db940de6bb5878954500.js js/shared/demo/chart-bar-demo-db940de6bb5878954500.js.map
Entrypoint shared/demo/chart-pie-demo = js/shared/demo/chart-pie-demo-27263653e62cf2791c0b.js js/shared/demo/chart-pie-demo-27263653e62cf2791c0b.js.map
Entrypoint shared/demo/datatables-demo = js/shared/demo/datatables-demo-c3d7a586af775407fdb1.js js/shared/demo/datatables-demo-c3d7a586af775407fdb1.js.map
Entrypoint shared/sb-admin-2 = js/shared/sb-admin-2-8941dd7d30c470c93836.js js/shared/sb-admin-2-8941dd7d30c470c93836.js.map
[./app/javascript/channels sync recursive _channel\.js$] ./app/javascript/channels sync _channel\.js$ 160 bytes {application} [built]
[./app/javascript/channels/index.js] 211 bytes {application} [built]
[./app/javascript/packs/application.js] 1.44 KiB {application} [built]
[./app/javascript/packs/shared/demo/chart-area-demo.js] 3.8 KiB {shared/demo/chart-area-demo} {application} [built]
[./app/javascript/packs/shared/demo/chart-bar-demo.js] 3.42 KiB {shared/demo/chart-bar-demo} {application} [built]
[./app/javascript/packs/shared/demo/chart-pie-demo.js] 1.16 KiB {shared/demo/chart-pie-demo} {application} [built]
[./app/javascript/packs/shared/demo/datatables-demo.js] 119 bytes {shared/demo/datatables-demo} {application} [built]
[./app/javascript/packs/shared/sb-admin-2.js] 1.43 KiB {shared/sb-admin-2} {application} [built]
[./node_modules/moment/locale sync recursive ^\.\/.*$] ./node_modules/moment/locale sync ^\.\/.*$ 3.21 KiB {application} [optional] [built]
[./node_modules/webpack/buildin/global.js] (webpack)/buildin/global.js 905 bytes {application} [built]
[./node_modules/webpack/buildin/module.js] (webpack)/buildin/module.js 552 bytes {application} {shared/demo/chart-area-demo} {shared/demo/chart-bar-demo} {shared/demo/chart-pie-demo} {shared/demo/datatables-demo} {shared/sb-admin-2} [built]
    + 152 hidden modules

  Rendered layouts/shared/_sidebar.html.erb (Duration: 4.7ms | Allocations: 1573)
  Rendered layouts/shared/_search_field.html.erb (Duration: 0.6ms | Allocations: 80)
  Rendered layouts/shared/_search_field.html.erb (Duration: 0.0ms | Allocations: 5)
  Rendered layouts/shared/_search_dropdown.html.erb (Duration: 0.9ms | Allocations: 169)
  Rendered layouts/shared/_notifications.html.erb (Duration: 0.9ms | Allocations: 335)
  Rendered layouts/shared/_messages.html.erb (Duration: 1.0ms | Allocations: 274)
  Rendered layouts/shared/_user_nav.html.erb (Duration: 0.5ms | Allocations: 98)
  Rendered layouts/shared/_topbar.html.erb (Duration: 8.7ms | Allocations: 2092)
  Rendered layouts/shared/_logout_modal.html.erb (Duration: 0.7ms | Allocations: 120)
  Rendered layout layouts/application.html.erb (Duration: 26281.4ms | Allocations: 11048460)
Completed 200 OK in 26283ms (Views: 26282.2ms | ActiveRecord: 0.0ms | Allocations: 11049344)


[Webpacker] Compiled all packs in /Users/usmanahmed/Desktop/test/rails-startbootstrap-sb-admin-2/public/packs
[Webpacker] warning package.json: No license field
Browserslist: caniuse-lite is outdated. Please run:
npx browserslist@latest --update-db

Why you should do it regularly:
https://github.com/browserslist/browserslist#browsers-data-updating

[Webpacker] Hash: ef902d39f1b588d650af
Version: webpack 4.46.0
Time: 13504ms
Built at: 10/31/2022 9:43:43 AM
                                                     Asset      Size                       Chunks                         Chunk Names
                    js/application-4c992043138782584467.js  4.14 MiB                  application  [emitted] [immutable]  application
                js/application-4c992043138782584467.js.map  4.59 MiB                  application  [emitted] [dev]        application
    js/shared/demo/chart-area-demo-e791066020f6d1ef3b28.js   318 KiB  shared/demo/chart-area-demo  [emitted] [immutable]  shared/demo/chart-area-demo
js/shared/demo/chart-area-demo-e791066020f6d1ef3b28.js.map   375 KiB  shared/demo/chart-area-demo  [emitted] [dev]        shared/demo/chart-area-demo
     js/shared/demo/chart-bar-demo-db940de6bb5878954500.js   317 KiB   shared/demo/chart-bar-demo  [emitted] [immutable]  shared/demo/chart-bar-demo
 js/shared/demo/chart-bar-demo-db940de6bb5878954500.js.map   375 KiB   shared/demo/chart-bar-demo  [emitted] [dev]        shared/demo/chart-bar-demo
     js/shared/demo/chart-pie-demo-27263653e62cf2791c0b.js   315 KiB   shared/demo/chart-pie-demo  [emitted] [immutable]  shared/demo/chart-pie-demo
 js/shared/demo/chart-pie-demo-27263653e62cf2791c0b.js.map   372 KiB   shared/demo/chart-pie-demo  [emitted] [dev]        shared/demo/chart-pie-demo
    js/shared/demo/datatables-demo-c3d7a586af775407fdb1.js   314 KiB  shared/demo/datatables-demo  [emitted] [immutable]  shared/demo/datatables-demo
js/shared/demo/datatables-demo-c3d7a586af775407fdb1.js.map   371 KiB  shared/demo/datatables-demo  [emitted] [dev]        shared/demo/datatables-demo
              js/shared/sb-admin-2-8941dd7d30c470c93836.js   315 KiB            shared/sb-admin-2  [emitted] [immutable]  shared/sb-admin-2
          js/shared/sb-admin-2-8941dd7d30c470c93836.js.map   373 KiB            shared/sb-admin-2  [emitted] [dev]        shared/sb-admin-2
                                             manifest.json  2.48 KiB                               [emitted]              
Entrypoint application = js/application-4c992043138782584467.js js/application-4c992043138782584467.js.map
Entrypoint shared/demo/chart-area-demo = js/shared/demo/chart-area-demo-e791066020f6d1ef3b28.js js/shared/demo/chart-area-demo-e791066020f6d1ef3b28.js.map
Entrypoint shared/demo/chart-bar-demo = js/shared/demo/chart-bar-demo-db940de6bb5878954500.js js/shared/demo/chart-bar-demo-db940de6bb5878954500.js.map
Entrypoint shared/demo/chart-pie-demo = js/shared/demo/chart-pie-demo-27263653e62cf2791c0b.js js/shared/demo/chart-pie-demo-27263653e62cf2791c0b.js.map
Entrypoint shared/demo/datatables-demo = js/shared/demo/datatables-demo-c3d7a586af775407fdb1.js js/shared/demo/datatables-demo-c3d7a586af775407fdb1.js.map
Entrypoint shared/sb-admin-2 = js/shared/sb-admin-2-8941dd7d30c470c93836.js js/shared/sb-admin-2-8941dd7d30c470c93836.js.map
[./app/javascript/channels sync recursive _channel\.js$] ./app/javascript/channels sync _channel\.js$ 160 bytes {application} [built]
[./app/javascript/channels/index.js] 211 bytes {application} [built]
[./app/javascript/packs/application.js] 1.44 KiB {application} [built]
[./app/javascript/packs/shared/demo/chart-area-demo.js] 3.8 KiB {shared/demo/chart-area-demo} {application} [built]
[./app/javascript/packs/shared/demo/chart-bar-demo.js] 3.42 KiB {shared/demo/chart-bar-demo} {application} [built]
[./app/javascript/packs/shared/demo/chart-pie-demo.js] 1.16 KiB {shared/demo/chart-pie-demo} {application} [built]
[./app/javascript/packs/shared/demo/datatables-demo.js] 119 bytes {shared/demo/datatables-demo} {application} [built]
[./app/javascript/packs/shared/sb-admin-2.js] 1.43 KiB {shared/sb-admin-2} {application} [built]
[./node_modules/moment/locale sync recursive ^\.\/.*$] ./node_modules/moment/locale sync ^\.\/.*$ 3.21 KiB {application} [optional] [built]
[./node_modules/webpack/buildin/global.js] (webpack)/buildin/global.js 905 bytes {application} [built]
[./node_modules/webpack/buildin/module.js] (webpack)/buildin/module.js 552 bytes {application} {shared/demo/chart-area-demo} {shared/demo/chart-bar-demo} {shared/demo/chart-pie-demo} {shared/demo/datatables-demo} {shared/sb-admin-2} [built]
    + 152 hidden modules

  Rendered layouts/shared/_sidebar.html.erb (Duration: 1.1ms | Allocations: 772)
  Rendered layouts/shared/_search_field.html.erb (Duration: 0.0ms | Allocations: 5)
  Rendered layouts/shared/_search_field.html.erb (Duration: 0.0ms | Allocations: 5)
  Rendered layouts/shared/_search_dropdown.html.erb (Duration: 0.3ms | Allocations: 71)
  Rendered layouts/shared/_notifications.html.erb (Duration: 0.1ms | Allocations: 28)
  Rendered layouts/shared/_messages.html.erb (Duration: 0.1ms | Allocations: 31)
  Rendered layouts/shared/_user_nav.html.erb (Duration: 0.1ms | Allocations: 5)
  Rendered layouts/shared/_topbar.html.erb (Duration: 2.0ms | Allocations: 450)
  Rendered layouts/shared/_logout_modal.html.erb (Duration: 0.1ms | Allocations: 15)
  Rendered layout layouts/application.html.erb (Duration: 27944.6ms | Allocations: 12575254)
Completed 200 OK in 27971ms (Views: 27961.3ms | ActiveRecord: 0.0ms | Allocations: 12582523)


[Webpacker] Compiled all packs in /Users/usmanahmed/Desktop/test/rails-startbootstrap-sb-admin-2/public/packs
[Webpacker] warning package.json: No license field
Browserslist: caniuse-lite is outdated. Please run:
npx browserslist@latest --update-db

Why you should do it regularly:
https://github.com/browserslist/browserslist#browsers-data-updating

[Webpacker] Hash: ef902d39f1b588d650af
Version: webpack 4.46.0
Time: 10333ms
Built at: 10/31/2022 9:43:43 AM
                                                     Asset      Size                       Chunks                         Chunk Names
                    js/application-4c992043138782584467.js  4.14 MiB                  application  [emitted] [immutable]  application
                js/application-4c992043138782584467.js.map  4.59 MiB                  application  [emitted] [dev]        application
    js/shared/demo/chart-area-demo-e791066020f6d1ef3b28.js   318 KiB  shared/demo/chart-area-demo  [emitted] [immutable]  shared/demo/chart-area-demo
js/shared/demo/chart-area-demo-e791066020f6d1ef3b28.js.map   375 KiB  shared/demo/chart-area-demo  [emitted] [dev]        shared/demo/chart-area-demo
     js/shared/demo/chart-bar-demo-db940de6bb5878954500.js   317 KiB   shared/demo/chart-bar-demo  [emitted] [immutable]  shared/demo/chart-bar-demo
 js/shared/demo/chart-bar-demo-db940de6bb5878954500.js.map   375 KiB   shared/demo/chart-bar-demo  [emitted] [dev]        shared/demo/chart-bar-demo
     js/shared/demo/chart-pie-demo-27263653e62cf2791c0b.js   315 KiB   shared/demo/chart-pie-demo  [emitted] [immutable]  shared/demo/chart-pie-demo
 js/shared/demo/chart-pie-demo-27263653e62cf2791c0b.js.map   372 KiB   shared/demo/chart-pie-demo  [emitted] [dev]        shared/demo/chart-pie-demo
    js/shared/demo/datatables-demo-c3d7a586af775407fdb1.js   314 KiB  shared/demo/datatables-demo  [emitted] [immutable]  shared/demo/datatables-demo
js/shared/demo/datatables-demo-c3d7a586af775407fdb1.js.map   371 KiB  shared/demo/datatables-demo  [emitted] [dev]        shared/demo/datatables-demo
              js/shared/sb-admin-2-8941dd7d30c470c93836.js   315 KiB            shared/sb-admin-2  [emitted] [immutable]  shared/sb-admin-2
          js/shared/sb-admin-2-8941dd7d30c470c93836.js.map   373 KiB            shared/sb-admin-2  [emitted] [dev]        shared/sb-admin-2
                                             manifest.json  2.48 KiB                               [emitted]              
Entrypoint application = js/application-4c992043138782584467.js js/application-4c992043138782584467.js.map
Entrypoint shared/demo/chart-area-demo = js/shared/demo/chart-area-demo-e791066020f6d1ef3b28.js js/shared/demo/chart-area-demo-e791066020f6d1ef3b28.js.map
Entrypoint shared/demo/chart-bar-demo = js/shared/demo/chart-bar-demo-db940de6bb5878954500.js js/shared/demo/chart-bar-demo-db940de6bb5878954500.js.map
Entrypoint shared/demo/chart-pie-demo = js/shared/demo/chart-pie-demo-27263653e62cf2791c0b.js js/shared/demo/chart-pie-demo-27263653e62cf2791c0b.js.map
Entrypoint shared/demo/datatables-demo = js/shared/demo/datatables-demo-c3d7a586af775407fdb1.js js/shared/demo/datatables-demo-c3d7a586af775407fdb1.js.map
Entrypoint shared/sb-admin-2 = js/shared/sb-admin-2-8941dd7d30c470c93836.js js/shared/sb-admin-2-8941dd7d30c470c93836.js.map
[./app/javascript/channels sync recursive _channel\.js$] ./app/javascript/channels sync _channel\.js$ 160 bytes {application} [built]
[./app/javascript/channels/index.js] 211 bytes {application} [built]
[./app/javascript/packs/application.js] 1.44 KiB {application} [built]
[./app/javascript/packs/shared/demo/chart-area-demo.js] 3.8 KiB {shared/demo/chart-area-demo} {application} [built]
[./app/javascript/packs/shared/demo/chart-bar-demo.js] 3.42 KiB {shared/demo/chart-bar-demo} {application} [built]
[./app/javascript/packs/shared/demo/chart-pie-demo.js] 1.16 KiB {shared/demo/chart-pie-demo} {application} [built]
[./app/javascript/packs/shared/demo/datatables-demo.js] 119 bytes {shared/demo/datatables-demo} {application} [built]
[./app/javascript/packs/shared/sb-admin-2.js] 1.43 KiB {shared/sb-admin-2} {application} [built]
[./node_modules/moment/locale sync recursive ^\.\/.*$] ./node_modules/moment/locale sync ^\.\/.*$ 3.21 KiB {application} [optional] [built]
[./node_modules/webpack/buildin/global.js] (webpack)/buildin/global.js 905 bytes {application} [built]
[./node_modules/webpack/buildin/module.js] (webpack)/buildin/module.js 552 bytes {application} {shared/demo/chart-area-demo} {shared/demo/chart-bar-demo} {shared/demo/chart-pie-demo} {shared/demo/datatables-demo} {shared/sb-admin-2} [built]
    + 152 hidden modules

  Rendered layouts/shared/_sidebar.html.erb (Duration: 1.2ms | Allocations: 741)
  Rendered layouts/shared/_search_field.html.erb (Duration: 0.0ms | Allocations: 5)
  Rendered layouts/shared/_search_field.html.erb (Duration: 0.0ms | Allocations: 5)
  Rendered layouts/shared/_search_dropdown.html.erb (Duration: 0.2ms | Allocations: 71)
  Rendered layouts/shared/_notifications.html.erb (Duration: 0.1ms | Allocations: 28)
  Rendered layouts/shared/_messages.html.erb (Duration: 0.1ms | Allocations: 31)
  Rendered layouts/shared/_user_nav.html.erb (Duration: 0.0ms | Allocations: 5)
  Rendered layouts/shared/_topbar.html.erb (Duration: 1.0ms | Allocations: 450)
  Rendered layouts/shared/_logout_modal.html.erb (Duration: 0.0ms | Allocations: 15)
  Rendered layout layouts/application.html.erb (Duration: 11968.0ms | Allocations: 242979)
Completed 200 OK in 11971ms (Views: 11968.7ms | ActiveRecord: 0.0ms | Allocations: 243727)


Started GET "/" for ::1 at 2022-10-31 09:43:43 +0500
Processing by ExamplesController#index as HTML
  Rendering layout layouts/application.html.erb
  Rendering examples/index.html.erb within layouts/application
  Rendered examples/index.html.erb within layouts/application (Duration: 0.1ms | Allocations: 4)
[Webpacker] Everything's up-to-date. Nothing to do
  Rendered layouts/shared/_sidebar.html.erb (Duration: 1.6ms | Allocations: 741)
  Rendered layouts/shared/_search_field.html.erb (Duration: 0.0ms | Allocations: 5)
  Rendered layouts/shared/_search_field.html.erb (Duration: 0.0ms | Allocations: 5)
  Rendered layouts/shared/_search_dropdown.html.erb (Duration: 1.1ms | Allocations: 130)
  Rendered layouts/shared/_notifications.html.erb (Duration: 0.2ms | Allocations: 28)
  Rendered layouts/shared/_messages.html.erb (Duration: 0.2ms | Allocations: 31)
  Rendered layouts/shared/_user_nav.html.erb (Duration: 0.1ms | Allocations: 5)
  Rendered layouts/shared/_topbar.html.erb (Duration: 8.8ms | Allocations: 1180)
  Rendered layouts/shared/_logout_modal.html.erb (Duration: 0.1ms | Allocations: 15)
  Rendered layout layouts/application.html.erb (Duration: 88.7ms | Allocations: 28277)
Completed 200 OK in 100ms (Views: 99.0ms | ActiveRecord: 0.0ms | Allocations: 29277)


Started GET "/examples/buttons" for ::1 at 2022-10-31 09:44:55 +0500
Processing by ExamplesController#buttons as HTML
  Rendering layout layouts/application.html.erb
  Rendering examples/buttons.html.erb within layouts/application
  Rendered examples/buttons.html.erb within layouts/application (Duration: 0.7ms | Allocations: 260)
[Webpacker] Everything's up-to-date. Nothing to do
  Rendered layouts/shared/_sidebar.html.erb (Duration: 1.4ms | Allocations: 747)
  Rendered layouts/shared/_search_field.html.erb (Duration: 0.0ms | Allocations: 5)
  Rendered layouts/shared/_search_field.html.erb (Duration: 0.0ms | Allocations: 5)
  Rendered layouts/shared/_search_dropdown.html.erb (Duration: 0.1ms | Allocations: 71)
  Rendered layouts/shared/_notifications.html.erb (Duration: 0.1ms | Allocations: 28)
  Rendered layouts/shared/_messages.html.erb (Duration: 0.0ms | Allocations: 31)
  Rendered layouts/shared/_user_nav.html.erb (Duration: 0.0ms | Allocations: 5)
  Rendered layouts/shared/_topbar.html.erb (Duration: 0.7ms | Allocations: 450)
  Rendered layouts/shared/_logout_modal.html.erb (Duration: 0.0ms | Allocations: 15)
  Rendered layout layouts/application.html.erb (Duration: 31.9ms | Allocations: 17668)
Completed 200 OK in 34ms (Views: 32.4ms | ActiveRecord: 0.0ms | Allocations: 18653)


Started GET "/examples/cards" for ::1 at 2022-10-31 09:44:56 +0500
Processing by ExamplesController#cards as HTML
  Rendering layout layouts/application.html.erb
  Rendering examples/cards.html.erb within layouts/application
  Rendered examples/cards.html.erb within layouts/application (Duration: 0.6ms | Allocations: 228)
[Webpacker] Everything's up-to-date. Nothing to do
  Rendered layouts/shared/_sidebar.html.erb (Duration: 1.2ms | Allocations: 747)
  Rendered layouts/shared/_search_field.html.erb (Duration: 0.0ms | Allocations: 5)
  Rendered layouts/shared/_search_field.html.erb (Duration: 0.0ms | Allocations: 5)
  Rendered layouts/shared/_search_dropdown.html.erb (Duration: 0.1ms | Allocations: 71)
  Rendered layouts/shared/_notifications.html.erb (Duration: 0.1ms | Allocations: 28)
  Rendered layouts/shared/_messages.html.erb (Duration: 0.1ms | Allocations: 31)
  Rendered layouts/shared/_user_nav.html.erb (Duration: 0.0ms | Allocations: 5)
  Rendered layouts/shared/_topbar.html.erb (Duration: 1.0ms | Allocations: 450)
  Rendered layouts/shared/_logout_modal.html.erb (Duration: 0.0ms | Allocations: 15)
  Rendered layout layouts/application.html.erb (Duration: 29.5ms | Allocations: 17630)
Completed 200 OK in 31ms (Views: 30.0ms | ActiveRecord: 0.0ms | Allocations: 18584)


Started GET "/" for ::1 at 2022-10-31 09:47:05 +0500
Processing by ExamplesController#index as HTML
  Rendering layout layouts/application.html.erb
  Rendering examples/index.html.erb within layouts/application
  Rendered examples/index.html.erb within layouts/application (Duration: 0.2ms | Allocations: 4)
[Webpacker] Everything's up-to-date. Nothing to do
  Rendered layouts/shared/_sidebar.html.erb (Duration: 38.3ms | Allocations: 741)
  Rendered layouts/shared/_search_field.html.erb (Duration: 0.1ms | Allocations: 5)
  Rendered layouts/shared/_search_field.html.erb (Duration: 0.1ms | Allocations: 5)
  Rendered layouts/shared/_search_dropdown.html.erb (Duration: 0.5ms | Allocations: 71)
  Rendered layouts/shared/_notifications.html.erb (Duration: 0.2ms | Allocations: 28)
  Rendered layouts/shared/_messages.html.erb (Duration: 0.4ms | Allocations: 31)
  Rendered layouts/shared/_user_nav.html.erb (Duration: 0.1ms | Allocations: 5)
  Rendered layouts/shared/_topbar.html.erb (Duration: 3.9ms | Allocations: 450)
  Rendered layouts/shared/_logout_modal.html.erb (Duration: 0.1ms | Allocations: 15)
  Rendered layout layouts/application.html.erb (Duration: 222.2ms | Allocations: 17784)
Completed 200 OK in 227ms (Views: 223.4ms | ActiveRecord: 0.0ms | Allocations: 18636)


Started GET "/" for ::1 at 2022-10-31 09:50:08 +0500
Processing by ExamplesController#index as HTML
  Rendering layout layouts/application.html.erb
  Rendering examples/index.html.erb within layouts/application
  Rendered examples/index.html.erb within layouts/application (Duration: 0.1ms | Allocations: 4)
[Webpacker] Everything's up-to-date. Nothing to do
  Rendered layouts/shared/_sidebar.html.erb (Duration: 1.3ms | Allocations: 741)
  Rendered layouts/shared/_search_field.html.erb (Duration: 0.0ms | Allocations: 5)
  Rendered layouts/shared/_search_field.html.erb (Duration: 0.0ms | Allocations: 5)
  Rendered layouts/shared/_search_dropdown.html.erb (Duration: 0.6ms | Allocations: 360)
  Rendered layouts/shared/_notifications.html.erb (Duration: 0.2ms | Allocations: 28)
  Rendered layouts/shared/_messages.html.erb (Duration: 0.2ms | Allocations: 31)
  Rendered layouts/shared/_user_nav.html.erb (Duration: 0.1ms | Allocations: 5)
  Rendered layouts/shared/_topbar.html.erb (Duration: 6.1ms | Allocations: 1741)
  Rendered layouts/shared/_logout_modal.html.erb (Duration: 0.1ms | Allocations: 15)
  Rendered layout layouts/application.html.erb (Duration: 80.6ms | Allocations: 19931)
Completed 200 OK in 85ms (Views: 82.2ms | Allocations: 20799)


Started GET "/" for ::1 at 2022-10-31 09:57:48 +0500
Processing by ExamplesController#index as HTML
  Rendering layout layouts/application.html.erb
  Rendering examples/index.html.erb within layouts/application
  Rendered examples/index.html.erb within layouts/application (Duration: 0.0ms | Allocations: 4)
[Webpacker] Everything's up-to-date. Nothing to do
  Rendered layouts/shared/_sidebar.html.erb (Duration: 0.9ms | Allocations: 741)
  Rendered layouts/shared/_search_field.html.erb (Duration: 0.0ms | Allocations: 5)
  Rendered layouts/shared/_search_field.html.erb (Duration: 0.0ms | Allocations: 5)
  Rendered layouts/shared/_search_dropdown.html.erb (Duration: 0.1ms | Allocations: 71)
  Rendered layouts/shared/_notifications.html.erb (Duration: 0.1ms | Allocations: 28)
  Rendered layouts/shared/_messages.html.erb (Duration: 0.1ms | Allocations: 31)
  Rendered layouts/shared/_user_nav.html.erb (Duration: 0.0ms | Allocations: 5)
  Rendered layouts/shared/_topbar.html.erb (Duration: 1.1ms | Allocations: 450)
  Rendered layouts/shared/_logout_modal.html.erb (Duration: 0.2ms | Allocations: 15)
  Rendered layout layouts/application.html.erb (Duration: 31.8ms | Allocations: 17416)
Completed 200 OK in 37ms (Views: 32.4ms | Allocations: 18279)


Started GET "/examples/buttons" for ::1 at 2022-10-31 09:58:20 +0500
Processing by ExamplesController#buttons as HTML
  Rendering layout layouts/application.html.erb
  Rendering examples/buttons.html.erb within layouts/application
  Rendered examples/buttons.html.erb within layouts/application (Duration: 0.1ms | Allocations: 4)
[Webpacker] Everything's up-to-date. Nothing to do
  Rendered layouts/shared/_sidebar.html.erb (Duration: 0.7ms | Allocations: 746)
  Rendered layouts/shared/_search_field.html.erb (Duration: 0.0ms | Allocations: 5)
  Rendered layouts/shared/_search_field.html.erb (Duration: 0.0ms | Allocations: 5)
  Rendered layouts/shared/_search_dropdown.html.erb (Duration: 0.1ms | Allocations: 71)
  Rendered layouts/shared/_notifications.html.erb (Duration: 0.1ms | Allocations: 28)
  Rendered layouts/shared/_messages.html.erb (Duration: 0.2ms | Allocations: 31)
  Rendered layouts/shared/_user_nav.html.erb (Duration: 0.0ms | Allocations: 5)
  Rendered layouts/shared/_topbar.html.erb (Duration: 1.2ms | Allocations: 450)
  Rendered layouts/shared/_logout_modal.html.erb (Duration: 0.1ms | Allocations: 15)
  Rendered layout layouts/application.html.erb (Duration: 34.4ms | Allocations: 23341)
Completed 200 OK in 36ms (Views: 35.0ms | Allocations: 24183)


Started GET "/" for ::1 at 2022-10-31 09:58:22 +0500
Processing by ExamplesController#index as HTML
  Rendering layout layouts/application.html.erb
  Rendering examples/index.html.erb within layouts/application
  Rendered examples/index.html.erb within layouts/application (Duration: 0.1ms | Allocations: 4)
[Webpacker] Everything's up-to-date. Nothing to do
  Rendered layouts/shared/_sidebar.html.erb (Duration: 1.4ms | Allocations: 741)
  Rendered layouts/shared/_search_field.html.erb (Duration: 0.0ms | Allocations: 5)
  Rendered layouts/shared/_search_field.html.erb (Duration: 0.0ms | Allocations: 5)
  Rendered layouts/shared/_search_dropdown.html.erb (Duration: 0.3ms | Allocations: 71)
  Rendered layouts/shared/_notifications.html.erb (Duration: 0.1ms | Allocations: 28)
  Rendered layouts/shared/_messages.html.erb (Duration: 0.1ms | Allocations: 31)
  Rendered layouts/shared/_user_nav.html.erb (Duration: 0.0ms | Allocations: 5)
  Rendered layouts/shared/_topbar.html.erb (Duration: 1.0ms | Allocations: 450)
  Rendered layouts/shared/_logout_modal.html.erb (Duration: 0.0ms | Allocations: 15)
  Rendered layout layouts/application.html.erb (Duration: 34.8ms | Allocations: 17403)
Completed 200 OK in 36ms (Views: 35.4ms | Allocations: 18247)


Started GET "/" for ::1 at 2022-10-31 09:58:22 +0500
Processing by ExamplesController#index as HTML
  Rendering layout layouts/application.html.erb
  Rendering examples/index.html.erb within layouts/application
  Rendered examples/index.html.erb within layouts/application (Duration: 0.0ms | Allocations: 4)
[Webpacker] Everything's up-to-date. Nothing to do
  Rendered layouts/shared/_sidebar.html.erb (Duration: 1.0ms | Allocations: 741)
  Rendered layouts/shared/_search_field.html.erb (Duration: 0.0ms | Allocations: 5)
  Rendered layouts/shared/_search_field.html.erb (Duration: 0.0ms | Allocations: 5)
  Rendered layouts/shared/_search_dropdown.html.erb (Duration: 0.1ms | Allocations: 71)
  Rendered layouts/shared/_notifications.html.erb (Duration: 0.1ms | Allocations: 28)
  Rendered layouts/shared/_messages.html.erb (Duration: 0.1ms | Allocations: 31)
  Rendered layouts/shared/_user_nav.html.erb (Duration: 0.0ms | Allocations: 5)
  Rendered layouts/shared/_topbar.html.erb (Duration: 1.6ms | Allocations: 450)
  Rendered layouts/shared/_logout_modal.html.erb (Duration: 0.1ms | Allocations: 15)
  Rendered layout layouts/application.html.erb (Duration: 25.4ms | Allocations: 17400)
Completed 200 OK in 27ms (Views: 25.9ms | Allocations: 18251)


Started GET "/" for ::1 at 2022-10-31 09:58:23 +0500
Processing by ExamplesController#index as HTML
  Rendering layout layouts/application.html.erb
  Rendering examples/index.html.erb within layouts/application
  Rendered examples/index.html.erb within layouts/application (Duration: 0.0ms | Allocations: 4)
[Webpacker] Everything's up-to-date. Nothing to do
  Rendered layouts/shared/_sidebar.html.erb (Duration: 1.7ms | Allocations: 741)
  Rendered layouts/shared/_search_field.html.erb (Duration: 0.0ms | Allocations: 5)
  Rendered layouts/shared/_search_field.html.erb (Duration: 0.0ms | Allocations: 5)
  Rendered layouts/shared/_search_dropdown.html.erb (Duration: 0.3ms | Allocations: 71)
  Rendered layouts/shared/_notifications.html.erb (Duration: 0.1ms | Allocations: 28)
  Rendered layouts/shared/_messages.html.erb (Duration: 0.1ms | Allocations: 31)
  Rendered layouts/shared/_user_nav.html.erb (Duration: 0.0ms | Allocations: 5)
  Rendered layouts/shared/_topbar.html.erb (Duration: 1.2ms | Allocations: 450)
  Rendered layouts/shared/_logout_modal.html.erb (Duration: 0.1ms | Allocations: 15)
  Rendered layout layouts/application.html.erb (Duration: 30.9ms | Allocations: 17400)
Completed 200 OK in 32ms (Views: 31.5ms | Allocations: 18245)


Started GET "/" for ::1 at 2022-10-31 09:58:23 +0500
Processing by ExamplesController#index as HTML
  Rendering layout layouts/application.html.erb
  Rendering examples/index.html.erb within layouts/application
  Rendered examples/index.html.erb within layouts/application (Duration: 0.0ms | Allocations: 4)
[Webpacker] Everything's up-to-date. Nothing to do
  Rendered layouts/shared/_sidebar.html.erb (Duration: 0.8ms | Allocations: 741)
  Rendered layouts/shared/_search_field.html.erb (Duration: 0.0ms | Allocations: 5)
  Rendered layouts/shared/_search_field.html.erb (Duration: 0.0ms | Allocations: 5)
  Rendered layouts/shared/_search_dropdown.html.erb (Duration: 0.2ms | Allocations: 71)
  Rendered layouts/shared/_notifications.html.erb (Duration: 0.1ms | Allocations: 28)
  Rendered layouts/shared/_messages.html.erb (Duration: 0.0ms | Allocations: 31)
  Rendered layouts/shared/_user_nav.html.erb (Duration: 0.0ms | Allocations: 5)
  Rendered layouts/shared/_topbar.html.erb (Duration: 1.0ms | Allocations: 450)
  Rendered layouts/shared/_logout_modal.html.erb (Duration: 0.0ms | Allocations: 15)
  Rendered layout layouts/application.html.erb (Duration: 27.9ms | Allocations: 17400)
Completed 200 OK in 30ms (Views: 28.5ms | Allocations: 18249)


Started GET "/" for ::1 at 2022-10-31 09:58:23 +0500
Processing by ExamplesController#index as HTML
  Rendering layout layouts/application.html.erb
  Rendering examples/index.html.erb within layouts/application
  Rendered examples/index.html.erb within layouts/application (Duration: 0.0ms | Allocations: 4)
[Webpacker] Everything's up-to-date. Nothing to do
  Rendered layouts/shared/_sidebar.html.erb (Duration: 0.7ms | Allocations: 741)
  Rendered layouts/shared/_search_field.html.erb (Duration: 0.0ms | Allocations: 5)
  Rendered layouts/shared/_search_field.html.erb (Duration: 0.0ms | Allocations: 5)
  Rendered layouts/shared/_search_dropdown.html.erb (Duration: 0.1ms | Allocations: 71)
  Rendered layouts/shared/_notifications.html.erb (Duration: 0.1ms | Allocations: 28)
  Rendered layouts/shared/_messages.html.erb (Duration: 0.1ms | Allocations: 31)
  Rendered layouts/shared/_user_nav.html.erb (Duration: 0.0ms | Allocations: 5)
  Rendered layouts/shared/_topbar.html.erb (Duration: 0.9ms | Allocations: 450)
  Rendered layouts/shared/_logout_modal.html.erb (Duration: 0.1ms | Allocations: 15)
  Rendered layout layouts/application.html.erb (Duration: 34.7ms | Allocations: 17408)
Completed 200 OK in 37ms (Views: 35.3ms | Allocations: 18275)


Started GET "/" for ::1 at 2022-10-31 09:58:23 +0500
Processing by ExamplesController#index as HTML
  Rendering layout layouts/application.html.erb
  Rendering examples/index.html.erb within layouts/application
  Rendered examples/index.html.erb within layouts/application (Duration: 0.0ms | Allocations: 4)
[Webpacker] Everything's up-to-date. Nothing to do
  Rendered layouts/shared/_sidebar.html.erb (Duration: 0.8ms | Allocations: 741)
  Rendered layouts/shared/_search_field.html.erb (Duration: 0.0ms | Allocations: 5)
  Rendered layouts/shared/_search_field.html.erb (Duration: 0.0ms | Allocations: 5)
  Rendered layouts/shared/_search_dropdown.html.erb (Duration: 0.3ms | Allocations: 71)
  Rendered layouts/shared/_notifications.html.erb (Duration: 0.1ms | Allocations: 28)
  Rendered layouts/shared/_messages.html.erb (Duration: 0.1ms | Allocations: 31)
  Rendered layouts/shared/_user_nav.html.erb (Duration: 0.0ms | Allocations: 5)
  Rendered layouts/shared/_topbar.html.erb (Duration: 1.3ms | Allocations: 450)
  Rendered layouts/shared/_logout_modal.html.erb (Duration: 0.1ms | Allocations: 15)
  Rendered layout layouts/application.html.erb (Duration: 25.4ms | Allocations: 17400)
Completed 200 OK in 27ms (Views: 25.9ms | Allocations: 18260)


Started GET "/card" for ::1 at 2022-10-31 10:01:43 +0500
  
ActionController::RoutingError (No route matches [GET] "/card"):
  
Started GET "/cards" for ::1 at 2022-10-31 10:01:45 +0500
  
ActionController::RoutingError (No route matches [GET] "/cards"):
  
Started GET "/example" for ::1 at 2022-10-31 10:01:51 +0500
  
ActionController::RoutingError (No route matches [GET] "/example"):
  
Started GET "/examples" for ::1 at 2022-10-31 10:01:53 +0500
Processing by ExamplesController#index as HTML
  Rendering layout layouts/application.html.erb
  Rendering examples/index.html.erb within layouts/application
  Rendered examples/index.html.erb within layouts/application (Duration: 0.0ms | Allocations: 4)
[Webpacker] Everything's up-to-date. Nothing to do
  Rendered layouts/shared/_sidebar.html.erb (Duration: 0.8ms | Allocations: 758)
  Rendered layouts/shared/_search_field.html.erb (Duration: 0.0ms | Allocations: 5)
  Rendered layouts/shared/_search_field.html.erb (Duration: 0.0ms | Allocations: 5)
  Rendered layouts/shared/_search_dropdown.html.erb (Duration: 0.1ms | Allocations: 71)
  Rendered layouts/shared/_notifications.html.erb (Duration: 0.1ms | Allocations: 28)
  Rendered layouts/shared/_messages.html.erb (Duration: 0.1ms | Allocations: 31)
  Rendered layouts/shared/_user_nav.html.erb (Duration: 0.0ms | Allocations: 5)
  Rendered layouts/shared/_topbar.html.erb (Duration: 0.8ms | Allocations: 450)
  Rendered layouts/shared/_logout_modal.html.erb (Duration: 0.0ms | Allocations: 15)
  Rendered layout layouts/application.html.erb (Duration: 17.7ms | Allocations: 17544)
Completed 200 OK in 19ms (Views: 18.2ms | Allocations: 18433)


Started GET "/examples/card" for ::1 at 2022-10-31 10:01:57 +0500
  
ActionController::RoutingError (No route matches [GET] "/examples/card"):
  
Started GET "/examples/cards" for ::1 at 2022-10-31 10:01:59 +0500
Processing by ExamplesController#cards as HTML
  Rendering layout layouts/application.html.erb
  Rendering examples/cards.html.erb within layouts/application
  Rendered examples/cards.html.erb within layouts/application (Duration: 0.0ms | Allocations: 4)
[Webpacker] Everything's up-to-date. Nothing to do
  Rendered layouts/shared/_sidebar.html.erb (Duration: 0.7ms | Allocations: 748)
  Rendered layouts/shared/_search_field.html.erb (Duration: 0.0ms | Allocations: 5)
  Rendered layouts/shared/_search_field.html.erb (Duration: 0.0ms | Allocations: 5)
  Rendered layouts/shared/_search_dropdown.html.erb (Duration: 0.1ms | Allocations: 71)
  Rendered layouts/shared/_notifications.html.erb (Duration: 0.0ms | Allocations: 28)
  Rendered layouts/shared/_messages.html.erb (Duration: 0.0ms | Allocations: 31)
  Rendered layouts/shared/_user_nav.html.erb (Duration: 0.0ms | Allocations: 5)
  Rendered layouts/shared/_topbar.html.erb (Duration: 0.8ms | Allocations: 450)
  Rendered layouts/shared/_logout_modal.html.erb (Duration: 0.0ms | Allocations: 15)
  Rendered layout layouts/application.html.erb (Duration: 18.1ms | Allocations: 17407)
Completed 200 OK in 19ms (Views: 18.5ms | Allocations: 18250)


Started GET "/examples/utilities_animation" for ::1 at 2022-10-31 10:02:03 +0500
Processing by ExamplesController#utilities_animation as HTML
  Rendering layout layouts/application.html.erb
  Rendering examples/utilities_animation.html.erb within layouts/application
  Rendered examples/utilities_animation.html.erb within layouts/application (Duration: 0.5ms | Allocations: 161)
[Webpacker] Everything's up-to-date. Nothing to do
  Rendered layouts/shared/_sidebar.html.erb (Duration: 1.4ms | Allocations: 759)
  Rendered layouts/shared/_search_field.html.erb (Duration: 0.1ms | Allocations: 5)
  Rendered layouts/shared/_search_field.html.erb (Duration: 0.1ms | Allocations: 5)
  Rendered layouts/shared/_search_dropdown.html.erb (Duration: 0.2ms | Allocations: 71)
  Rendered layouts/shared/_notifications.html.erb (Duration: 0.1ms | Allocations: 28)
  Rendered layouts/shared/_messages.html.erb (Duration: 0.1ms | Allocations: 31)
  Rendered layouts/shared/_user_nav.html.erb (Duration: 0.1ms | Allocations: 5)
  Rendered layouts/shared/_topbar.html.erb (Duration: 1.9ms | Allocations: 450)
  Rendered layouts/shared/_logout_modal.html.erb (Duration: 0.1ms | Allocations: 15)
  Rendered layout layouts/application.html.erb (Duration: 36.0ms | Allocations: 17575)
Completed 200 OK in 38ms (Views: 36.8ms | Allocations: 18525)


Started GET "/examples/buttons" for ::1 at 2022-10-31 10:02:05 +0500
Processing by ExamplesController#buttons as HTML
  Rendering layout layouts/application.html.erb
  Rendering examples/buttons.html.erb within layouts/application
  Rendered examples/buttons.html.erb within layouts/application (Duration: 0.1ms | Allocations: 4)
[Webpacker] Everything's up-to-date. Nothing to do
  Rendered layouts/shared/_sidebar.html.erb (Duration: 1.1ms | Allocations: 746)
  Rendered layouts/shared/_search_field.html.erb (Duration: 0.0ms | Allocations: 5)
  Rendered layouts/shared/_search_field.html.erb (Duration: 0.0ms | Allocations: 5)
  Rendered layouts/shared/_search_dropdown.html.erb (Duration: 0.1ms | Allocations: 71)
  Rendered layouts/shared/_notifications.html.erb (Duration: 0.1ms | Allocations: 28)
  Rendered layouts/shared/_messages.html.erb (Duration: 0.1ms | Allocations: 31)
  Rendered layouts/shared/_user_nav.html.erb (Duration: 0.0ms | Allocations: 5)
  Rendered layouts/shared/_topbar.html.erb (Duration: 1.2ms | Allocations: 450)
  Rendered layouts/shared/_logout_modal.html.erb (Duration: 0.1ms | Allocations: 15)
  Rendered layout layouts/application.html.erb (Duration: 30.8ms | Allocations: 17405)
Completed 200 OK in 33ms (Views: 31.4ms | Allocations: 18244)


Started GET "/examples/charts" for ::1 at 2022-10-31 10:02:08 +0500
Processing by ExamplesController#charts as HTML
  Rendering layout layouts/application.html.erb
  Rendering examples/charts.html.erb within layouts/application
  Rendered examples/charts.html.erb within layouts/application (Duration: 0.5ms | Allocations: 126)
[Webpacker] Everything's up-to-date. Nothing to do
  Rendered layouts/shared/_sidebar.html.erb (Duration: 1.1ms | Allocations: 743)
  Rendered layouts/shared/_search_field.html.erb (Duration: 0.0ms | Allocations: 5)
  Rendered layouts/shared/_search_field.html.erb (Duration: 0.0ms | Allocations: 5)
  Rendered layouts/shared/_search_dropdown.html.erb (Duration: 0.2ms | Allocations: 71)
  Rendered layouts/shared/_notifications.html.erb (Duration: 0.2ms | Allocations: 28)
  Rendered layouts/shared/_messages.html.erb (Duration: 0.1ms | Allocations: 31)
  Rendered layouts/shared/_user_nav.html.erb (Duration: 0.0ms | Allocations: 5)
  Rendered layouts/shared/_topbar.html.erb (Duration: 1.5ms | Allocations: 450)
  Rendered layouts/shared/_logout_modal.html.erb (Duration: 0.1ms | Allocations: 15)
  Rendered layout layouts/application.html.erb (Duration: 28.2ms | Allocations: 17524)
Completed 200 OK in 30ms (Views: 28.7ms | Allocations: 18505)


Started GET "/examples/login" for ::1 at 2022-10-31 10:02:11 +0500
Processing by ExamplesController#login as HTML
  Rendering layout layouts/auth.html.erb
  Rendering examples/login.html.erb within layouts/auth
  Rendered examples/login.html.erb within layouts/auth (Duration: 0.8ms | Allocations: 253)
[Webpacker] Everything's up-to-date. Nothing to do
  Rendered layout layouts/auth.html.erb (Duration: 31.9ms | Allocations: 16458)
Completed 200 OK in 34ms (Views: 32.7ms | Allocations: 17517)


Started GET "/examples/utilities_color" for ::1 at 2022-10-31 10:03:09 +0500
Processing by ExamplesController#utilities_color as HTML
  Rendering layout layouts/application.html.erb
  Rendering examples/utilities_color.html.erb within layouts/application
  Rendered examples/utilities_color.html.erb within layouts/application (Duration: 0.5ms | Allocations: 162)
[Webpacker] Everything's up-to-date. Nothing to do
  Rendered layouts/shared/_sidebar.html.erb (Duration: 0.9ms | Allocations: 759)
  Rendered layouts/shared/_search_field.html.erb (Duration: 0.0ms | Allocations: 5)
  Rendered layouts/shared/_search_field.html.erb (Duration: 0.0ms | Allocations: 5)
  Rendered layouts/shared/_search_dropdown.html.erb (Duration: 0.1ms | Allocations: 71)
  Rendered layouts/shared/_notifications.html.erb (Duration: 0.1ms | Allocations: 28)
  Rendered layouts/shared/_messages.html.erb (Duration: 0.2ms | Allocations: 31)
  Rendered layouts/shared/_user_nav.html.erb (Duration: 0.0ms | Allocations: 5)
  Rendered layouts/shared/_topbar.html.erb (Duration: 1.0ms | Allocations: 450)
  Rendered layouts/shared/_logout_modal.html.erb (Duration: 0.0ms | Allocations: 15)
  Rendered layout layouts/application.html.erb (Duration: 18.0ms | Allocations: 17583)
Completed 200 OK in 20ms (Views: 18.7ms | Allocations: 18542)


Started GET "/" for ::1 at 2022-10-31 10:03:15 +0500
Processing by ExamplesController#index as HTML
  Rendering layout layouts/application.html.erb
  Rendering examples/index.html.erb within layouts/application
  Rendered examples/index.html.erb within layouts/application (Duration: 0.0ms | Allocations: 4)
[Webpacker] Everything's up-to-date. Nothing to do
  Rendered layouts/shared/_sidebar.html.erb (Duration: 1.2ms | Allocations: 741)
  Rendered layouts/shared/_search_field.html.erb (Duration: 0.0ms | Allocations: 5)
  Rendered layouts/shared/_search_field.html.erb (Duration: 0.0ms | Allocations: 5)
  Rendered layouts/shared/_search_dropdown.html.erb (Duration: 0.2ms | Allocations: 71)
  Rendered layouts/shared/_notifications.html.erb (Duration: 0.1ms | Allocations: 28)
  Rendered layouts/shared/_messages.html.erb (Duration: 0.1ms | Allocations: 31)
  Rendered layouts/shared/_user_nav.html.erb (Duration: 0.1ms | Allocations: 5)
  Rendered layouts/shared/_topbar.html.erb (Duration: 2.2ms | Allocations: 450)
  Rendered layouts/shared/_logout_modal.html.erb (Duration: 0.1ms | Allocations: 15)
  Rendered layout layouts/application.html.erb (Duration: 28.8ms | Allocations: 17400)
Completed 200 OK in 30ms (Views: 29.5ms | Allocations: 18257)


Started GET "/" for ::1 at 2022-10-31 10:17:27 +0500
  [1m[35m (0.9ms)[0m  [1m[34mSELECT sqlite_version(*)[0m
Processing by ExamplesController#index as HTML
  Rendering layout layouts/application.html.erb
  Rendering examples/index.html.erb within layouts/application
  Rendered examples/index.html.erb within layouts/application (Duration: 1.3ms | Allocations: 713)
[Webpacker] Everything's up-to-date. Nothing to do
  Rendered layouts/shared/_sidebar.html.erb (Duration: 3.7ms | Allocations: 1558)
  Rendered layouts/shared/_search_field.html.erb (Duration: 0.5ms | Allocations: 80)
  Rendered layouts/shared/_search_field.html.erb (Duration: 0.0ms | Allocations: 5)
  Rendered layouts/shared/_search_dropdown.html.erb (Duration: 0.7ms | Allocations: 169)
  Rendered layouts/shared/_notifications.html.erb (Duration: 0.8ms | Allocations: 335)
  Rendered layouts/shared/_messages.html.erb (Duration: 0.7ms | Allocations: 274)
  Rendered layouts/shared/_user_nav.html.erb (Duration: 0.4ms | Allocations: 98)
  Rendered layouts/shared/_topbar.html.erb (Duration: 8.7ms | Allocations: 2097)
  Rendered layouts/shared/_logout_modal.html.erb (Duration: 0.6ms | Allocations: 120)
  Rendered layout layouts/application.html.erb (Duration: 2815.7ms | Allocations: 1647974)
Completed 200 OK in 2832ms (Views: 2820.6ms | ActiveRecord: 0.0ms | Allocations: 1652271)


